<?xml version="1.0" encoding="UTF-8"?>
<!-- Generated by org.testng.reporters.JUnitReportReporter -->
<testsuite hostname="localhost.localdomain" name="com.test.SampleXmlIT" tests="1" failures="0" timestamp="16 Jul 2016 11:08:53 GMT" time="0.269" errors="0">
  <testcase name="sampleXml" time="0.269" classname="com.test.SampleXmlIT"/>
</testsuite> <!-- com.test.SampleXmlIT -->
