<?xml version="1.0" encoding="UTF-8"?>
<!-- Generated by org.testng.reporters.JUnitReportReporter -->
<testsuite hostname="localhost.localdomain" name="com.test.SampleJavaIT" tests="2" failures="0" timestamp="16 Jul 2016 11:08:53 GMT" time="0.007" errors="0">
  <testcase name="sayHello" time="0.002" classname="com.test.SampleJavaIT"/>
  <testcase name="echoToday" time="0.005" classname="com.test.SampleJavaIT"/>
</testsuite> <!-- com.test.SampleJavaIT -->
