<?xml version="1.0" encoding="UTF-8"?>
<!-- Generated by org.testng.reporters.JUnitReportReporter -->
<testsuite hostname="localhost.localdomain" name="com.test.PersistJavaDSLTest" tests="1" failures="0" timestamp="22 Sep 2016 19:43:13 GMT" time="4.827" errors="0">
  <testcase name="sampleXmlTest" time="4.827" classname="com.test.PersistJavaDSLTest"/>
</testsuite> <!-- com.test.PersistJavaDSLTest -->
