<?xml version="1.0" encoding="UTF-8"?>
<!-- Generated by org.testng.reporters.JUnitReportReporter -->
<testsuite hostname="localhost.localdomain" name="com.test.ProductTest" tests="1" failures="0" timestamp="22 Sep 2016 19:30:12 GMT" time="2.684" errors="0">
  <testcase name="sampleXml" time="2.684" classname="com.test.ProductTest"/>
</testsuite> <!-- com.test.ProductTest -->
