<?xml version="1.0" encoding="UTF-8"?>
<!-- Generated by org.testng.reporters.JUnitReportReporter -->
<testsuite hostname="localhost.localdomain" name="com.test.PersistTest" tests="1" failures="0" timestamp="22 Sep 2016 19:30:39 GMT" time="7.216" errors="0">
  <testcase name="sampleXml" time="7.216" classname="com.test.PersistTest"/>
</testsuite> <!-- com.test.PersistTest -->
